<?xml version="1.0" encoding="UTF-8"?>
<testng-results skipped="0" failed="0" total="0" passed="0">
  <reporter-output>
  </reporter-output>
  <suite name="Test.test.seleniumEasy.AppTest" duration-ms="0" started-at="2017-11-22T22:22:46Z" finished-at="2017-11-22T22:22:46Z">
    <groups>
    </groups>
    <test name="Command line test" duration-ms="0" started-at="2017-11-22T22:22:46Z" finished-at="2017-11-22T22:22:46Z">
    </test> <!-- Command line test -->
  </suite> <!-- Test.test.seleniumEasy.AppTest -->
</testng-results>
