<?xml version="1.0" encoding="UTF-8"?>
<testng-results skipped="0" failed="0" total="1" passed="1">
  <reporter-output>
  </reporter-output>
  <suite name="Default suite" duration-ms="9954" started-at="2017-11-25T04:02:41Z" finished-at="2017-11-25T04:02:51Z">
    <groups>
    </groups>
    <test name="Default test" duration-ms="9954" started-at="2017-11-25T04:02:41Z" finished-at="2017-11-25T04:02:51Z">
      <class name="selectDropDownList.TC007_selectDropDownListFirstManu">
        <test-method status="PASS" signature="setUp()[pri:0, instance:selectDropDownList.TC007_selectDropDownListFirstManu@4f933fd1]" name="setUp" is-config="true" duration-ms="8564" started-at="2017-11-24T23:02:41Z" finished-at="2017-11-24T23:02:50Z">
          <reporter-output>
          </reporter-output>
        </test-method> <!-- setUp -->
        <test-method status="PASS" signature="selectDropDownListFirstManu()[pri:0, instance:selectDropDownList.TC007_selectDropDownListFirstManu@4f933fd1]" name="selectDropDownListFirstManu" duration-ms="1311" started-at="2017-11-24T23:02:50Z" finished-at="2017-11-24T23:02:51Z">
          <reporter-output>
          </reporter-output>
        </test-method> <!-- selectDropDownListFirstManu -->
        <test-method status="PASS" signature="endTest()[pri:0, instance:selectDropDownList.TC007_selectDropDownListFirstManu@4f933fd1]" name="endTest" is-config="true" duration-ms="57" started-at="2017-11-24T23:02:51Z" finished-at="2017-11-24T23:02:51Z">
          <reporter-output>
          </reporter-output>
        </test-method> <!-- endTest -->
      </class> <!-- selectDropDownList.TC007_selectDropDownListFirstManu -->
    </test> <!-- Default test -->
  </suite> <!-- Default suite -->
</testng-results>
