<?xml version="1.0" encoding="UTF-8"?>
<testng-results skipped="0" failed="1" total="1" passed="0">
  <reporter-output>
  </reporter-output>
  <suite name="Default suite" duration-ms="48039" started-at="2017-11-23T06:44:02Z" finished-at="2017-11-23T06:44:50Z">
    <groups>
    </groups>
    <test name="Default test" duration-ms="48039" started-at="2017-11-23T06:44:02Z" finished-at="2017-11-23T06:44:50Z">
      <class name="checkBoxDemo.TC004_checkBoxDemo_multiBox">
        <test-method status="PASS" signature="setUp()[pri:0, instance:checkBoxDemo.TC004_checkBoxDemo_multiBox@3eb7fc54]" name="setUp" is-config="true" duration-ms="13219" started-at="2017-11-23T01:44:02Z" finished-at="2017-11-23T01:44:15Z">
          <reporter-output>
          </reporter-output>
        </test-method> <!-- setUp -->
        <test-method status="FAIL" signature="checkBoxDemo_multiBox()[pri:0, instance:checkBoxDemo.TC004_checkBoxDemo_multiBox@3eb7fc54]" name="checkBoxDemo_multiBox" duration-ms="25112" started-at="2017-11-23T01:44:15Z" finished-at="2017-11-23T01:44:40Z">
          <exception class="java.lang.NullPointerException">
            <full-stacktrace>
              <![CDATA[java.lang.NullPointerException
	at checkBoxDemo.checkBoxDemo_multiBox.clickOnCheckBox(checkBoxDemo_multiBox.java:38)
	at checkBoxDemo.checkBoxDemo_multiBox.checkBox_MultiFinal(checkBoxDemo_multiBox.java:56)
	at checkBoxDemo.TC004_checkBoxDemo_multiBox.checkBoxDemo_multiBox(TC004_checkBoxDemo_multiBox.java:20)
	at sun.reflect.NativeMethodAccessorImpl.invoke0(Native Method)
	at sun.reflect.NativeMethodAccessorImpl.invoke(Unknown Source)
	at sun.reflect.DelegatingMethodAccessorImpl.invoke(Unknown Source)
	at java.lang.reflect.Method.invoke(Unknown Source)
	at org.testng.internal.MethodInvocationHelper.invokeMethod(MethodInvocationHelper.java:80)
	at org.testng.internal.Invoker.invokeMethod(Invoker.java:714)
	at org.testng.internal.Invoker.invokeTestMethod(Invoker.java:901)
	at org.testng.internal.Invoker.invokeTestMethods(Invoker.java:1231)
	at org.testng.internal.TestMethodWorker.invokeTestMethods(TestMethodWorker.java:127)
	at org.testng.internal.TestMethodWorker.run(TestMethodWorker.java:111)
	at org.testng.TestRunner.privateRun(TestRunner.java:767)
	at org.testng.TestRunner.run(TestRunner.java:617)
	at org.testng.SuiteRunner.runTest(SuiteRunner.java:334)
	at org.testng.SuiteRunner.runSequentially(SuiteRunner.java:329)
	at org.testng.SuiteRunner.privateRun(SuiteRunner.java:291)
	at org.testng.SuiteRunner.run(SuiteRunner.java:240)
	at org.testng.SuiteRunnerWorker.runSuite(SuiteRunnerWorker.java:52)
	at org.testng.SuiteRunnerWorker.run(SuiteRunnerWorker.java:86)
	at org.testng.TestNG.runSuitesSequentially(TestNG.java:1198)
	at org.testng.TestNG.runSuitesLocally(TestNG.java:1123)
	at org.testng.TestNG.run(TestNG.java:1031)
	at org.testng.remote.AbstractRemoteTestNG.run(AbstractRemoteTestNG.java:114)
	at org.testng.remote.RemoteTestNG.initAndRun(RemoteTestNG.java:251)
	at org.testng.remote.RemoteTestNG.main(RemoteTestNG.java:77)
]]>
            </full-stacktrace>
          </exception> <!-- java.lang.NullPointerException -->
          <reporter-output>
          </reporter-output>
        </test-method> <!-- checkBoxDemo_multiBox -->
        <test-method status="PASS" signature="endTest()[pri:0, instance:checkBoxDemo.TC004_checkBoxDemo_multiBox@3eb7fc54]" name="endTest" is-config="true" duration-ms="195" started-at="2017-11-23T01:44:40Z" finished-at="2017-11-23T01:44:40Z">
          <reporter-output>
          </reporter-output>
        </test-method> <!-- endTest -->
      </class> <!-- checkBoxDemo.TC004_checkBoxDemo_multiBox -->
    </test> <!-- Default test -->
  </suite> <!-- Default suite -->
</testng-results>
